<?xml version="1.0" encoding="UTF-8"?>
<!-- Generated by org.testng.reporters.JUnitXMLReporter -->
<testsuite hostname="Shihab" name="crmTest" tests="3" failures="0" timestamp="16 Jul 2023 18:13:35 GMT" time="37.609" errors="0">
  <testcase name="validUserShouldBeAbleToLogin" time="5.03" classname="test.LoginTest"/>
  <testcase name="userShouldBeAbleToAddCustomer" time="11.809" classname="test.AddCustomerTest"/>
  <testcase name="userShouldBeAbleToAddCustomerFromListCustmer" time="20.762" classname="test.ListCustomerTest"/>
</testsuite> <!-- crmTest -->
