<?xml version="1.0" encoding="UTF-8"?>
<testng-results skipped="0" failed="0" total="3" passed="3">
  <reporter-output>
  </reporter-output>
  <suite name="regression" duration-ms="37609" started-at="2023-07-16T18:12:57Z" finished-at="2023-07-16T18:13:35Z">
    <groups>
    </groups>
    <test name="crmTest" duration-ms="37609" started-at="2023-07-16T18:12:57Z" finished-at="2023-07-16T18:13:35Z">
      <class name="test.AddCustomerTest">
        <test-method status="PASS" signature="userShouldBeAbleToAddCustomer(java.lang.String, java.lang.String, java.lang.String, java.lang.String, java.lang.String, java.lang.String, java.lang.String, java.lang.String, java.lang.String, java.lang.String, java.lang.String, java.lang.String, java.lang.String)[pri:0, instance:test.AddCustomerTest@34340fab]" name="userShouldBeAbleToAddCustomer" duration-ms="11809" started-at="2023-07-16T13:13:02Z" finished-at="2023-07-16T13:13:14Z">
          <params>
            <param index="0">
              <value>
                <![CDATA[demo@techfios.com]]>
              </value>
            </param>
            <param index="1">
              <value>
                <![CDATA[abc123]]>
              </value>
            </param>
            <param index="2">
              <value>
                <![CDATA[Dashboard]]>
              </value>
            </param>
            <param index="3">
              <value>
                <![CDATA[Add Contact]]>
              </value>
            </param>
            <param index="4">
              <value>
                <![CDATA[Excel Projet]]>
              </value>
            </param>
            <param index="5">
              <value>
                <![CDATA[Techfios]]>
              </value>
            </param>
            <param index="6">
              <value>
                <![CDATA[msexcellll@gmail.com]]>
              </value>
            </param>
            <param index="7">
              <value>
                <![CDATA[231546]]>
              </value>
            </param>
            <param index="8">
              <value>
                <![CDATA[Techfios Building]]>
              </value>
            </param>
            <param index="9">
              <value>
                <![CDATA[Carrolton]]>
              </value>
            </param>
            <param index="10">
              <value>
                <![CDATA[TX]]>
              </value>
            </param>
            <param index="11">
              <value>
                <![CDATA[75009]]>
              </value>
            </param>
            <param index="12">
              <value>
                <![CDATA[United Kingdom]]>
              </value>
            </param>
          </params>
          <reporter-output>
          </reporter-output>
        </test-method> <!-- userShouldBeAbleToAddCustomer -->
      </class> <!-- test.AddCustomerTest -->
      <class name="test.LoginTest">
        <test-method status="PASS" signature="validUserShouldBeAbleToLogin(java.lang.String, java.lang.String, java.lang.String)[pri:0, instance:test.LoginTest@2fc14f68]" name="validUserShouldBeAbleToLogin" duration-ms="5030" started-at="2023-07-16T13:12:57Z" finished-at="2023-07-16T13:13:02Z">
          <params>
            <param index="0">
              <value>
                <![CDATA[demo@techfios.com]]>
              </value>
            </param>
            <param index="1">
              <value>
                <![CDATA[abc123]]>
              </value>
            </param>
            <param index="2">
              <value>
                <![CDATA[Dashboard]]>
              </value>
            </param>
          </params>
          <reporter-output>
          </reporter-output>
        </test-method> <!-- validUserShouldBeAbleToLogin -->
      </class> <!-- test.LoginTest -->
      <class name="test.ListCustomerTest">
        <test-method status="PASS" signature="userShouldBeAbleToAddCustomerFromListCustmer(java.lang.String, java.lang.String, java.lang.String, java.lang.String, java.lang.String, java.lang.String, java.lang.String, java.lang.String, java.lang.String, java.lang.String, java.lang.String, java.lang.String, java.lang.String)[pri:0, instance:test.ListCustomerTest@2aafb23c]" name="userShouldBeAbleToAddCustomerFromListCustmer" duration-ms="20762" started-at="2023-07-16T13:13:14Z" finished-at="2023-07-16T13:13:35Z">
          <params>
            <param index="0">
              <value>
                <![CDATA[demo@techfios.com]]>
              </value>
            </param>
            <param index="1">
              <value>
                <![CDATA[abc123]]>
              </value>
            </param>
            <param index="2">
              <value>
                <![CDATA[Dashboard]]>
              </value>
            </param>
            <param index="3">
              <value>
                <![CDATA[Add Contact]]>
              </value>
            </param>
            <param index="4">
              <value>
                <![CDATA[Excel Projet]]>
              </value>
            </param>
            <param index="5">
              <value>
                <![CDATA[Techfios]]>
              </value>
            </param>
            <param index="6">
              <value>
                <![CDATA[msexcellll@gmail.com]]>
              </value>
            </param>
            <param index="7">
              <value>
                <![CDATA[231546]]>
              </value>
            </param>
            <param index="8">
              <value>
                <![CDATA[Techfios Building]]>
              </value>
            </param>
            <param index="9">
              <value>
                <![CDATA[Carrolton]]>
              </value>
            </param>
            <param index="10">
              <value>
                <![CDATA[TX]]>
              </value>
            </param>
            <param index="11">
              <value>
                <![CDATA[75009]]>
              </value>
            </param>
            <param index="12">
              <value>
                <![CDATA[United Kingdom]]>
              </value>
            </param>
          </params>
          <reporter-output>
          </reporter-output>
        </test-method> <!-- userShouldBeAbleToAddCustomerFromListCustmer -->
      </class> <!-- test.ListCustomerTest -->
    </test> <!-- crmTest -->
  </suite> <!-- regression -->
</testng-results>
